d:\github_repo\libjpeg_readme\jpeg-9c\release\jpeg.pdb
d:\github_repo\libjpeg_readme\jpeg-9c\release\jdarith.obj
d:\github_repo\libjpeg_readme\jpeg-9c\release\jdapistd.obj
d:\github_repo\libjpeg_readme\jpeg-9c\release\jdapimin.obj
d:\github_repo\libjpeg_readme\jpeg-9c\release\jctrans.obj
d:\github_repo\libjpeg_readme\jpeg-9c\release\jcsample.obj
d:\github_repo\libjpeg_readme\jpeg-9c\release\jcprepct.obj
d:\github_repo\libjpeg_readme\jpeg-9c\release\jcparam.obj
d:\github_repo\libjpeg_readme\jpeg-9c\release\jcomapi.obj
d:\github_repo\libjpeg_readme\jpeg-9c\release\jcmaster.obj
d:\github_repo\libjpeg_readme\jpeg-9c\release\jcmarker.obj
d:\github_repo\libjpeg_readme\jpeg-9c\release\jcmainct.obj
d:\github_repo\libjpeg_readme\jpeg-9c\release\jcinit.obj
d:\github_repo\libjpeg_readme\jpeg-9c\release\jchuff.obj
d:\github_repo\libjpeg_readme\jpeg-9c\release\jcdctmgr.obj
d:\github_repo\libjpeg_readme\jpeg-9c\release\jccolor.obj
d:\github_repo\libjpeg_readme\jpeg-9c\release\jccoefct.obj
d:\github_repo\libjpeg_readme\jpeg-9c\release\jcarith.obj
d:\github_repo\libjpeg_readme\jpeg-9c\release\jcapistd.obj
d:\github_repo\libjpeg_readme\jpeg-9c\release\jcapimin.obj
d:\github_repo\libjpeg_readme\jpeg-9c\release\jaricom.obj
d:\github_repo\libjpeg_readme\jpeg-9c\release\jidctfst.obj
d:\github_repo\libjpeg_readme\jpeg-9c\release\jidctflt.obj
d:\github_repo\libjpeg_readme\jpeg-9c\release\jfdctint.obj
d:\github_repo\libjpeg_readme\jpeg-9c\release\jfdctfst.obj
d:\github_repo\libjpeg_readme\jpeg-9c\release\jfdctflt.obj
d:\github_repo\libjpeg_readme\jpeg-9c\release\jerror.obj
d:\github_repo\libjpeg_readme\jpeg-9c\release\jdtrans.obj
d:\github_repo\libjpeg_readme\jpeg-9c\release\jdsample.obj
d:\github_repo\libjpeg_readme\jpeg-9c\release\jdpostct.obj
d:\github_repo\libjpeg_readme\jpeg-9c\release\jdmerge.obj
d:\github_repo\libjpeg_readme\jpeg-9c\release\jdmaster.obj
d:\github_repo\libjpeg_readme\jpeg-9c\release\jdmarker.obj
d:\github_repo\libjpeg_readme\jpeg-9c\release\jdmainct.obj
d:\github_repo\libjpeg_readme\jpeg-9c\release\jdinput.obj
d:\github_repo\libjpeg_readme\jpeg-9c\release\jdhuff.obj
d:\github_repo\libjpeg_readme\jpeg-9c\release\jddctmgr.obj
d:\github_repo\libjpeg_readme\jpeg-9c\release\jdcolor.obj
d:\github_repo\libjpeg_readme\jpeg-9c\release\jdcoefct.obj
d:\github_repo\libjpeg_readme\jpeg-9c\release\jdatasrc.obj
d:\github_repo\libjpeg_readme\jpeg-9c\release\jdatadst.obj
d:\github_repo\libjpeg_readme\jpeg-9c\release\jutils.obj
d:\github_repo\libjpeg_readme\jpeg-9c\release\jquant2.obj
d:\github_repo\libjpeg_readme\jpeg-9c\release\jquant1.obj
d:\github_repo\libjpeg_readme\jpeg-9c\release\jmemnobs.obj
d:\github_repo\libjpeg_readme\jpeg-9c\release\jmemmgr.obj
d:\github_repo\libjpeg_readme\jpeg-9c\release\jidctint.obj
d:\github_repo\libjpeg_readme\jpeg-9c\release\jpeg.lib
d:\github_repo\libjpeg_readme\jpeg-9c\release\jpeg.tlog\cl.command.1.tlog
d:\github_repo\libjpeg_readme\jpeg-9c\release\jpeg.tlog\cl.read.1.tlog
d:\github_repo\libjpeg_readme\jpeg-9c\release\jpeg.tlog\cl.write.1.tlog
d:\github_repo\libjpeg_readme\jpeg-9c\release\jpeg.tlog\lib-link.read.1.tlog
d:\github_repo\libjpeg_readme\jpeg-9c\release\jpeg.tlog\lib-link.write.1.tlog
d:\github_repo\libjpeg_readme\jpeg-9c\release\jpeg.tlog\lib.command.1.tlog
